Analysis & Synthesis report for lcdController
Sun Jul 08 22:15:24 2018
Quartus II 64-Bit Version 13.0.0 Build 156 04/24/2013 SJ Web Edition


---------------------
; Table of Contents ;
---------------------
  1. Legal Notice
  2. Analysis & Synthesis Summary
  3. Analysis & Synthesis Settings
  4. Parallel Compilation
  5. Analysis & Synthesis Source Files Read
  6. Analysis & Synthesis Resource Usage Summary
  7. Analysis & Synthesis Resource Utilization by Entity
  8. Analysis & Synthesis RAM Summary
  9. State Machine - |lcdControllerDemonstration|lcdController:myControler|lcdStateMachine:myStateMachine|subStates
 10. State Machine - |lcdControllerDemonstration|lcdController:myControler|lcdStateMachine:myStateMachine|functionSetCase
 11. State Machine - |lcdControllerDemonstration|lcdController:myControler|lcdStateMachine:myStateMachine|state
 12. State Machine - |lcdControllerDemonstration|lcdInterface:myInterface|state
 13. Registers Removed During Synthesis
 14. Removed Registers Triggering Further Register Optimizations
 15. General Register Statistics
 16. Inverted Register Statistics
 17. Registers Packed Into Inferred Megafunctions
 18. Multiplexer Restructuring Statistics (Restructuring Performed)
 19. Source assignments for lcdController:myControler|lcdRegisterFile:myRegisters|altsyncram:charCode_rtl_0|altsyncram_0lg1:auto_generated
 20. Parameter Settings for Inferred Entity Instance: lcdController:myControler|lcdRegisterFile:myRegisters|altsyncram:charCode_rtl_0
 21. altsyncram Parameter Settings by Entity Instance
 22. Elapsed Time Per Partition
 23. Analysis & Synthesis Messages



----------------
; Legal Notice ;
----------------
Copyright (C) 1991-2013 Altera Corporation
Your use of Altera Corporation's design tools, logic functions 
and other software and tools, and its AMPP partner logic 
functions, and any output files from any of the foregoing 
(including device programming or simulation files), and any 
associated documentation or information are expressly subject 
to the terms and conditions of the Altera Program License 
Subscription Agreement, Altera MegaCore Function License 
Agreement, or other applicable license agreement, including, 
without limitation, that your use is for the sole purpose of 
programming logic devices manufactured by Altera and sold by 
Altera or its authorized distributors.  Please refer to the 
applicable agreement for further details.



+---------------------------------------------------------------------------------+
; Analysis & Synthesis Summary                                                    ;
+------------------------------------+--------------------------------------------+
; Analysis & Synthesis Status        ; Successful - Sun Jul 08 22:15:24 2018      ;
; Quartus II 64-Bit Version          ; 13.0.0 Build 156 04/24/2013 SJ Web Edition ;
; Revision Name                      ; lcdController                              ;
; Top-level Entity Name              ; lcdControllerDemonstration                 ;
; Family                             ; Cyclone II                                 ;
; Total logic elements               ; 348                                        ;
;     Total combinational functions  ; 337                                        ;
;     Dedicated logic registers      ; 101                                        ;
; Total registers                    ; 101                                        ;
; Total pins                         ; 34                                         ;
; Total virtual pins                 ; 0                                          ;
; Total memory bits                  ; 224                                        ;
; Embedded Multiplier 9-bit elements ; 0                                          ;
; Total PLLs                         ; 0                                          ;
+------------------------------------+--------------------------------------------+


+------------------------------------------------------------------------------------------------------------------------------+
; Analysis & Synthesis Settings                                                                                                ;
+----------------------------------------------------------------------------+----------------------------+--------------------+
; Option                                                                     ; Setting                    ; Default Value      ;
+----------------------------------------------------------------------------+----------------------------+--------------------+
; Device                                                                     ; EP2C35F672C6               ;                    ;
; Top-level entity name                                                      ; lcdControllerDemonstration ; lcdController      ;
; Family name                                                                ; Cyclone II                 ; Cyclone IV GX      ;
; Use smart compilation                                                      ; Off                        ; Off                ;
; Enable parallel Assembler and TimeQuest Timing Analyzer during compilation ; On                         ; On                 ;
; Enable compact report table                                                ; Off                        ; Off                ;
; Restructure Multiplexers                                                   ; Auto                       ; Auto               ;
; Create Debugging Nodes for IP Cores                                        ; Off                        ; Off                ;
; Preserve fewer node names                                                  ; On                         ; On                 ;
; Disable OpenCore Plus hardware evaluation                                  ; Off                        ; Off                ;
; Verilog Version                                                            ; Verilog_2001               ; Verilog_2001       ;
; VHDL Version                                                               ; VHDL_1993                  ; VHDL_1993          ;
; State Machine Processing                                                   ; Auto                       ; Auto               ;
; Safe State Machine                                                         ; Off                        ; Off                ;
; Extract Verilog State Machines                                             ; On                         ; On                 ;
; Extract VHDL State Machines                                                ; On                         ; On                 ;
; Ignore Verilog initial constructs                                          ; Off                        ; Off                ;
; Iteration limit for constant Verilog loops                                 ; 5000                       ; 5000               ;
; Iteration limit for non-constant Verilog loops                             ; 250                        ; 250                ;
; Add Pass-Through Logic to Inferred RAMs                                    ; On                         ; On                 ;
; Infer RAMs from Raw Logic                                                  ; On                         ; On                 ;
; Parallel Synthesis                                                         ; On                         ; On                 ;
; DSP Block Balancing                                                        ; Auto                       ; Auto               ;
; NOT Gate Push-Back                                                         ; On                         ; On                 ;
; Power-Up Don't Care                                                        ; On                         ; On                 ;
; Remove Redundant Logic Cells                                               ; Off                        ; Off                ;
; Remove Duplicate Registers                                                 ; On                         ; On                 ;
; Ignore CARRY Buffers                                                       ; Off                        ; Off                ;
; Ignore CASCADE Buffers                                                     ; Off                        ; Off                ;
; Ignore GLOBAL Buffers                                                      ; Off                        ; Off                ;
; Ignore ROW GLOBAL Buffers                                                  ; Off                        ; Off                ;
; Ignore LCELL Buffers                                                       ; Off                        ; Off                ;
; Ignore SOFT Buffers                                                        ; On                         ; On                 ;
; Limit AHDL Integers to 32 Bits                                             ; Off                        ; Off                ;
; Optimization Technique                                                     ; Balanced                   ; Balanced           ;
; Carry Chain Length                                                         ; 70                         ; 70                 ;
; Auto Carry Chains                                                          ; On                         ; On                 ;
; Auto Open-Drain Pins                                                       ; On                         ; On                 ;
; Perform WYSIWYG Primitive Resynthesis                                      ; Off                        ; Off                ;
; Auto ROM Replacement                                                       ; On                         ; On                 ;
; Auto RAM Replacement                                                       ; On                         ; On                 ;
; Auto Shift Register Replacement                                            ; Auto                       ; Auto               ;
; Allow Shift Register Merging across Hierarchies                            ; Auto                       ; Auto               ;
; Auto Clock Enable Replacement                                              ; On                         ; On                 ;
; Strict RAM Replacement                                                     ; Off                        ; Off                ;
; Allow Synchronous Control Signals                                          ; On                         ; On                 ;
; Force Use of Synchronous Clear Signals                                     ; Off                        ; Off                ;
; Auto RAM to Logic Cell Conversion                                          ; Off                        ; Off                ;
; Auto Resource Sharing                                                      ; Off                        ; Off                ;
; Allow Any RAM Size For Recognition                                         ; Off                        ; Off                ;
; Allow Any ROM Size For Recognition                                         ; Off                        ; Off                ;
; Allow Any Shift Register Size For Recognition                              ; Off                        ; Off                ;
; Use LogicLock Constraints during Resource Balancing                        ; On                         ; On                 ;
; Ignore translate_off and synthesis_off directives                          ; Off                        ; Off                ;
; Timing-Driven Synthesis                                                    ; Off                        ; Off                ;
; Report Parameter Settings                                                  ; On                         ; On                 ;
; Report Source Assignments                                                  ; On                         ; On                 ;
; Report Connectivity Checks                                                 ; On                         ; On                 ;
; Ignore Maximum Fan-Out Assignments                                         ; Off                        ; Off                ;
; Synchronization Register Chain Length                                      ; 2                          ; 2                  ;
; PowerPlay Power Optimization                                               ; Normal compilation         ; Normal compilation ;
; HDL message level                                                          ; Level2                     ; Level2             ;
; Suppress Register Optimization Related Messages                            ; Off                        ; Off                ;
; Number of Removed Registers Reported in Synthesis Report                   ; 5000                       ; 5000               ;
; Number of Swept Nodes Reported in Synthesis Report                         ; 5000                       ; 5000               ;
; Number of Inverted Registers Reported in Synthesis Report                  ; 100                        ; 100                ;
; Clock MUX Protection                                                       ; On                         ; On                 ;
; Auto Gated Clock Conversion                                                ; Off                        ; Off                ;
; Block Design Naming                                                        ; Auto                       ; Auto               ;
; SDC constraint protection                                                  ; Off                        ; Off                ;
; Synthesis Effort                                                           ; Auto                       ; Auto               ;
; Shift Register Replacement - Allow Asynchronous Clear Signal               ; On                         ; On                 ;
; Pre-Mapping Resynthesis Optimization                                       ; Off                        ; Off                ;
; Analysis & Synthesis Message Level                                         ; Medium                     ; Medium             ;
; Disable Register Merging Across Hierarchies                                ; Auto                       ; Auto               ;
; Resource Aware Inference For Block RAM                                     ; On                         ; On                 ;
; Synthesis Seed                                                             ; 1                          ; 1                  ;
+----------------------------------------------------------------------------+----------------------------+--------------------+


+------------------------------------------+
; Parallel Compilation                     ;
+----------------------------+-------------+
; Processors                 ; Number      ;
+----------------------------+-------------+
; Number detected on machine ; 12          ;
; Maximum allowed            ; 12          ;
;                            ;             ;
; Average used               ; 1.00        ;
; Maximum used               ; 1           ;
;                            ;             ;
; Usage by Processor         ; % Time Used ;
;     Processor 1            ; 100.0%      ;
;     Processors 2-12        ;   0.0%      ;
+----------------------------+-------------+


+------------------------------------------------------------------------------------------------------------------------------------------------------------------------------------------------------+
; Analysis & Synthesis Source Files Read                                                                                                                                                               ;
+----------------------------------------+-----------------+------------------------------+--------------------------------------------------------------------------------------------------+---------+
; File Name with User-Entered Path       ; Used in Netlist ; File Type                    ; File Name with Absolute Path                                                                     ; Library ;
+----------------------------------------+-----------------+------------------------------+--------------------------------------------------------------------------------------------------+---------+
; ../source/lcdControllerDemonstration.v ; yes             ; User Verilog HDL File        ; C:/Users/terab/Documents/Logic Design Practice/lcdController/source/lcdControllerDemonstration.v ;         ;
; ../source/lcdController.v              ; yes             ; User Verilog HDL File        ; C:/Users/terab/Documents/Logic Design Practice/lcdController/source/lcdController.v              ;         ;
; ../source/patternConverter.v           ; yes             ; User Verilog HDL File        ; C:/Users/terab/Documents/Logic Design Practice/lcdController/source/patternConverter.v           ;         ;
; ../source/bcdConverter.v               ; yes             ; User Verilog HDL File        ; C:/Users/terab/Documents/Logic Design Practice/lcdController/source/bcdConverter.v               ;         ;
; altsyncram.tdf                         ; yes             ; Megafunction                 ; h:/quartus ii/quartus ii install/quartus/libraries/megafunctions/altsyncram.tdf                  ;         ;
; stratix_ram_block.inc                  ; yes             ; Megafunction                 ; h:/quartus ii/quartus ii install/quartus/libraries/megafunctions/stratix_ram_block.inc           ;         ;
; lpm_mux.inc                            ; yes             ; Megafunction                 ; h:/quartus ii/quartus ii install/quartus/libraries/megafunctions/lpm_mux.inc                     ;         ;
; lpm_decode.inc                         ; yes             ; Megafunction                 ; h:/quartus ii/quartus ii install/quartus/libraries/megafunctions/lpm_decode.inc                  ;         ;
; aglobal130.inc                         ; yes             ; Megafunction                 ; h:/quartus ii/quartus ii install/quartus/libraries/megafunctions/aglobal130.inc                  ;         ;
; a_rdenreg.inc                          ; yes             ; Megafunction                 ; h:/quartus ii/quartus ii install/quartus/libraries/megafunctions/a_rdenreg.inc                   ;         ;
; altrom.inc                             ; yes             ; Megafunction                 ; h:/quartus ii/quartus ii install/quartus/libraries/megafunctions/altrom.inc                      ;         ;
; altram.inc                             ; yes             ; Megafunction                 ; h:/quartus ii/quartus ii install/quartus/libraries/megafunctions/altram.inc                      ;         ;
; altdpram.inc                           ; yes             ; Megafunction                 ; h:/quartus ii/quartus ii install/quartus/libraries/megafunctions/altdpram.inc                    ;         ;
; db/altsyncram_0lg1.tdf                 ; yes             ; Auto-Generated Megafunction  ; C:/Users/terab/Documents/Logic Design Practice/lcdController/QPF/db/altsyncram_0lg1.tdf          ;         ;
+----------------------------------------+-----------------+------------------------------+--------------------------------------------------------------------------------------------------+---------+


+-----------------------------------------------------+
; Analysis & Synthesis Resource Usage Summary         ;
+---------------------------------------------+-------+
; Resource                                    ; Usage ;
+---------------------------------------------+-------+
; Estimated Total logic elements              ; 348   ;
;                                             ;       ;
; Total combinational functions               ; 337   ;
; Logic element usage by number of LUT inputs ;       ;
;     -- 4 input functions                    ; 222   ;
;     -- 3 input functions                    ; 44    ;
;     -- <=2 input functions                  ; 71    ;
;                                             ;       ;
; Logic elements by mode                      ;       ;
;     -- normal mode                          ; 295   ;
;     -- arithmetic mode                      ; 42    ;
;                                             ;       ;
; Total registers                             ; 101   ;
;     -- Dedicated logic registers            ; 101   ;
;     -- I/O registers                        ; 0     ;
;                                             ;       ;
; I/O pins                                    ; 34    ;
; Total memory bits                           ; 224   ;
; Embedded Multiplier 9-bit elements          ; 0     ;
; Maximum fan-out node                        ; clk   ;
; Maximum fan-out                             ; 108   ;
; Total fan-out                               ; 1654  ;
; Average fan-out                             ; 3.45  ;
+---------------------------------------------+-------+


+----------------------------------------------------------------------------------------------------------------------------------------------------------------------------------------------------------------------------------------------------------------------------------------------------------------------+
; Analysis & Synthesis Resource Utilization by Entity                                                                                                                                                                                                                                                                  ;
+----------------------------------------------+-------------------+--------------+-------------+--------------+---------+-----------+------+--------------+--------------------------------------------------------------------------------------------------------------------------------------------+--------------+
; Compilation Hierarchy Node                   ; LC Combinationals ; LC Registers ; Memory Bits ; DSP Elements ; DSP 9x9 ; DSP 18x18 ; Pins ; Virtual Pins ; Full Hierarchy Name                                                                                                                        ; Library Name ;
+----------------------------------------------+-------------------+--------------+-------------+--------------+---------+-----------+------+--------------+--------------------------------------------------------------------------------------------------------------------------------------------+--------------+
; |lcdControllerDemonstration                  ; 337 (0)           ; 101 (0)      ; 224         ; 0            ; 0       ; 0         ; 34   ; 0            ; |lcdControllerDemonstration                                                                                                                ;              ;
;    |bcdConterter:myConverter|                ; 140 (140)         ; 0 (0)        ; 0           ; 0            ; 0       ; 0         ; 0    ; 0            ; |lcdControllerDemonstration|bcdConterter:myConverter                                                                                       ;              ;
;    |lcdController:myControler|               ; 139 (0)           ; 79 (0)       ; 224         ; 0            ; 0       ; 0         ; 0    ; 0            ; |lcdControllerDemonstration|lcdController:myControler                                                                                      ;              ;
;       |lcdRegisterFile:myRegisters|          ; 0 (0)             ; 0 (0)        ; 224         ; 0            ; 0       ; 0         ; 0    ; 0            ; |lcdControllerDemonstration|lcdController:myControler|lcdRegisterFile:myRegisters                                                          ;              ;
;          |altsyncram:charCode_rtl_0|         ; 0 (0)             ; 0 (0)        ; 224         ; 0            ; 0       ; 0         ; 0    ; 0            ; |lcdControllerDemonstration|lcdController:myControler|lcdRegisterFile:myRegisters|altsyncram:charCode_rtl_0                                ;              ;
;             |altsyncram_0lg1:auto_generated| ; 0 (0)             ; 0 (0)        ; 224         ; 0            ; 0       ; 0         ; 0    ; 0            ; |lcdControllerDemonstration|lcdController:myControler|lcdRegisterFile:myRegisters|altsyncram:charCode_rtl_0|altsyncram_0lg1:auto_generated ;              ;
;       |lcdStateMachine:myStateMachine|       ; 139 (139)         ; 79 (79)      ; 0           ; 0            ; 0       ; 0         ; 0    ; 0            ; |lcdControllerDemonstration|lcdController:myControler|lcdStateMachine:myStateMachine                                                       ;              ;
;    |lcdInterface:myInterface|                ; 54 (54)           ; 22 (22)      ; 0           ; 0            ; 0       ; 0         ; 0    ; 0            ; |lcdControllerDemonstration|lcdInterface:myInterface                                                                                       ;              ;
;    |patternConverter:converter2|             ; 1 (1)             ; 0 (0)        ; 0           ; 0            ; 0       ; 0         ; 0    ; 0            ; |lcdControllerDemonstration|patternConverter:converter2                                                                                    ;              ;
;    |patternConverter:converter3|             ; 1 (1)             ; 0 (0)        ; 0           ; 0            ; 0       ; 0         ; 0    ; 0            ; |lcdControllerDemonstration|patternConverter:converter3                                                                                    ;              ;
;    |patternConverter:converter4|             ; 1 (1)             ; 0 (0)        ; 0           ; 0            ; 0       ; 0         ; 0    ; 0            ; |lcdControllerDemonstration|patternConverter:converter4                                                                                    ;              ;
;    |patternConverter:converter5|             ; 1 (1)             ; 0 (0)        ; 0           ; 0            ; 0       ; 0         ; 0    ; 0            ; |lcdControllerDemonstration|patternConverter:converter5                                                                                    ;              ;
+----------------------------------------------+-------------------+--------------+-------------+--------------+---------+-----------+------+--------------+--------------------------------------------------------------------------------------------------------------------------------------------+--------------+
Note: For table entries with two numbers listed, the numbers in parentheses indicate the number of resources of the given type used by the specific entity alone. The numbers listed outside of parentheses indicate the total resources of the given type used by the specific entity and all of its sub-entities in the hierarchy.


+-------------------------------------------------------------------------------------------------------------------------------------------------------------------------------------------------------------------------------+
; Analysis & Synthesis RAM Summary                                                                                                                                                                                              ;
+---------------------------------------------------------------------------------------------------------------------------+------+------------------+--------------+--------------+--------------+--------------+------+------+
; Name                                                                                                                      ; Type ; Mode             ; Port A Depth ; Port A Width ; Port B Depth ; Port B Width ; Size ; MIF  ;
+---------------------------------------------------------------------------------------------------------------------------+------+------------------+--------------+--------------+--------------+--------------+------+------+
; lcdController:myControler|lcdRegisterFile:myRegisters|altsyncram:charCode_rtl_0|altsyncram_0lg1:auto_generated|ALTSYNCRAM ; AUTO ; Simple Dual Port ; 32           ; 7            ; 32           ; 7            ; 224  ; None ;
+---------------------------------------------------------------------------------------------------------------------------+------+------------------+--------------+--------------+--------------+--------------+------+------+


Encoding Type:  One-Hot
+----------------------------------------------------------------------------------------------------------------+
; State Machine - |lcdControllerDemonstration|lcdController:myControler|lcdStateMachine:myStateMachine|subStates ;
+---------------------+--------------+---------------------+-----------------------------------------------------+
; Name                ; subStates.00 ; subStates.subState3 ; subStates.subState2                                 ;
+---------------------+--------------+---------------------+-----------------------------------------------------+
; subStates.00        ; 0            ; 0                   ; 0                                                   ;
; subStates.subState2 ; 1            ; 0                   ; 1                                                   ;
; subStates.subState3 ; 1            ; 1                   ; 0                                                   ;
+---------------------+--------------+---------------------+-----------------------------------------------------+


Encoding Type:  One-Hot
+------------------------------------------------------------------------------------------------------------------------------------------------+
; State Machine - |lcdControllerDemonstration|lcdController:myControler|lcdStateMachine:myStateMachine|functionSetCase                           ;
+------------------------------+------------------------------+------------------------------+------------------------------+--------------------+
; Name                         ; functionSetCase.functionSet4 ; functionSetCase.functionSet3 ; functionSetCase.functionSet2 ; functionSetCase.00 ;
+------------------------------+------------------------------+------------------------------+------------------------------+--------------------+
; functionSetCase.00           ; 0                            ; 0                            ; 0                            ; 0                  ;
; functionSetCase.functionSet2 ; 0                            ; 0                            ; 1                            ; 1                  ;
; functionSetCase.functionSet3 ; 0                            ; 1                            ; 0                            ; 1                  ;
; functionSetCase.functionSet4 ; 1                            ; 0                            ; 0                            ; 1                  ;
+------------------------------+------------------------------+------------------------------+------------------------------+--------------------+


Encoding Type:  One-Hot
+-----------------------------------------------------------------------------------------------------------------------------------------------------------------------------+
; State Machine - |lcdControllerDemonstration|lcdController:myControler|lcdStateMachine:myStateMachine|state                                                                  ;
+--------------------+-----------------+-----------------+--------------------+--------------------+------------------+-------------------+---------------+-------------------+
; Name               ; state.writeData ; state.writeAddr ; state.entryModeSet ; state.displayClear ; state.displaySet ; state.functionSet ; state.powerOn ; state.cursorShift ;
+--------------------+-----------------+-----------------+--------------------+--------------------+------------------+-------------------+---------------+-------------------+
; state.powerOn      ; 0               ; 0               ; 0                  ; 0                  ; 0                ; 0                 ; 0             ; 0                 ;
; state.functionSet  ; 0               ; 0               ; 0                  ; 0                  ; 0                ; 1                 ; 1             ; 0                 ;
; state.displaySet   ; 0               ; 0               ; 0                  ; 0                  ; 1                ; 0                 ; 1             ; 0                 ;
; state.displayClear ; 0               ; 0               ; 0                  ; 1                  ; 0                ; 0                 ; 1             ; 0                 ;
; state.entryModeSet ; 0               ; 0               ; 1                  ; 0                  ; 0                ; 0                 ; 1             ; 0                 ;
; state.writeAddr    ; 0               ; 1               ; 0                  ; 0                  ; 0                ; 0                 ; 1             ; 0                 ;
; state.writeData    ; 1               ; 0               ; 0                  ; 0                  ; 0                ; 0                 ; 1             ; 0                 ;
; state.cursorShift  ; 0               ; 0               ; 0                  ; 0                  ; 0                ; 0                 ; 1             ; 1                 ;
+--------------------+-----------------+-----------------+--------------------+--------------------+------------------+-------------------+---------------+-------------------+


Encoding Type:  One-Hot
+-------------------------------------------------------------------------------------------------------------+
; State Machine - |lcdControllerDemonstration|lcdInterface:myInterface|state                                  ;
+-------------------+------------+-----------+-----------+---------------+----------------+-------------------+
; Name              ; state.spin ; state.one ; state.ten ; state.hundred ; state.thousand ; state.tenThousand ;
+-------------------+------------+-----------+-----------+---------------+----------------+-------------------+
; state.tenThousand ; 0          ; 0         ; 0         ; 0             ; 0              ; 0                 ;
; state.thousand    ; 0          ; 0         ; 0         ; 0             ; 1              ; 1                 ;
; state.hundred     ; 0          ; 0         ; 0         ; 1             ; 0              ; 1                 ;
; state.ten         ; 0          ; 0         ; 1         ; 0             ; 0              ; 1                 ;
; state.one         ; 0          ; 1         ; 0         ; 0             ; 0              ; 1                 ;
; state.spin        ; 1          ; 0         ; 0         ; 0             ; 0              ; 1                 ;
+-------------------+------------+-----------+-----------+---------------+----------------+-------------------+


+------------------------------------------------------------------------------------------------------------------------------------+
; Registers Removed During Synthesis                                                                                                 ;
+----------------------------------------------------------------------------+-------------------------------------------------------+
; Register name                                                              ; Reason for Removal                                    ;
+----------------------------------------------------------------------------+-------------------------------------------------------+
; lcdController:myControler|lcdStateMachine:myStateMachine|errorLed          ; Stuck at GND due to stuck port data_in                ;
; lcdInterface:myInterface|characterCode[6]                                  ; Stuck at GND due to stuck port data_in                ;
; lcdInterface:myInterface|errorLed                                          ; Stuck at GND due to stuck port data_in                ;
; lcdController:myControler|lcdRegisterFile:myRegisters|dataOut[6]           ; Stuck at GND due to stuck port data_in                ;
; lcdController:myControler|lcdStateMachine:myStateMachine|lcdReadWriteSel   ; Stuck at GND due to stuck port data_in                ;
; lcdInterface:myInterface|characterCode[5]                                  ; Merged with lcdInterface:myInterface|characterCode[4] ;
; lcdController:myControler|lcdStateMachine:myStateMachine|functionSetCase~8 ; Lost fanout                                           ;
; lcdController:myControler|lcdStateMachine:myStateMachine|functionSetCase~9 ; Lost fanout                                           ;
; lcdController:myControler|lcdStateMachine:myStateMachine|state~4           ; Lost fanout                                           ;
; lcdController:myControler|lcdStateMachine:myStateMachine|state~5           ; Lost fanout                                           ;
; lcdController:myControler|lcdStateMachine:myStateMachine|state~6           ; Lost fanout                                           ;
; lcdInterface:myInterface|state~5                                           ; Lost fanout                                           ;
; lcdInterface:myInterface|state~6                                           ; Lost fanout                                           ;
; lcdInterface:myInterface|state~7                                           ; Lost fanout                                           ;
; lcdInterface:myInterface|state~8                                           ; Lost fanout                                           ;
; lcdInterface:myInterface|state~9                                           ; Lost fanout                                           ;
; Total Number of Removed Registers = 16                                     ;                                                       ;
+----------------------------------------------------------------------------+-------------------------------------------------------+


+------------------------------------------------------------------------------------------------------------------------------------------+
; Removed Registers Triggering Further Register Optimizations                                                                              ;
+-------------------------------------------+---------------------------+------------------------------------------------------------------+
; Register name                             ; Reason for Removal        ; Registers Removed due to This Register                           ;
+-------------------------------------------+---------------------------+------------------------------------------------------------------+
; lcdInterface:myInterface|characterCode[6] ; Stuck at GND              ; lcdController:myControler|lcdRegisterFile:myRegisters|dataOut[6] ;
;                                           ; due to stuck port data_in ;                                                                  ;
+-------------------------------------------+---------------------------+------------------------------------------------------------------+


+------------------------------------------------------+
; General Register Statistics                          ;
+----------------------------------------------+-------+
; Statistic                                    ; Value ;
+----------------------------------------------+-------+
; Total registers                              ; 101   ;
; Number of registers using Synchronous Clear  ; 36    ;
; Number of registers using Synchronous Load   ; 0     ;
; Number of registers using Asynchronous Clear ; 90    ;
; Number of registers using Asynchronous Load  ; 0     ;
; Number of registers using Clock Enable       ; 72    ;
; Number of registers using Preset             ; 0     ;
+----------------------------------------------+-------+


+-----------------------------------------------------------------------------------+
; Inverted Register Statistics                                                      ;
+-------------------------------------------------------------------------+---------+
; Inverted Register                                                       ; Fan out ;
+-------------------------------------------------------------------------+---------+
; lcdController:myControler|lcdStateMachine:myStateMachine|lcdBus[0]~en   ; 1       ;
; lcdController:myControler|lcdStateMachine:myStateMachine|lcdBus[1]~en   ; 1       ;
; lcdController:myControler|lcdStateMachine:myStateMachine|lcdBus[2]~en   ; 1       ;
; lcdController:myControler|lcdStateMachine:myStateMachine|lcdBus[3]~en   ; 1       ;
; lcdController:myControler|lcdStateMachine:myStateMachine|lcdBus[4]~en   ; 1       ;
; lcdController:myControler|lcdStateMachine:myStateMachine|lcdBus[5]~en   ; 1       ;
; lcdController:myControler|lcdStateMachine:myStateMachine|lcdBus[6]~en   ; 1       ;
; lcdController:myControler|lcdStateMachine:myStateMachine|lcdBus[7]~reg0 ; 1       ;
; lcdController:myControler|lcdStateMachine:myStateMachine|lcdBus[7]~en   ; 1       ;
; Total number of inverted registers = 9                                  ;         ;
+-------------------------------------------------------------------------+---------+


+-----------------------------------------------------------------------------------------------------------------------------------------------------+
; Registers Packed Into Inferred Megafunctions                                                                                                        ;
+-----------------------------------------------------------------------+----------------------------------------------------------------------+------+
; Register Name                                                         ; Megafunction                                                         ; Type ;
+-----------------------------------------------------------------------+----------------------------------------------------------------------+------+
; lcdController:myControler|lcdRegisterFile:myRegisters|dataOut[0..5,7] ; lcdController:myControler|lcdRegisterFile:myRegisters|charCode_rtl_0 ; RAM  ;
+-----------------------------------------------------------------------+----------------------------------------------------------------------+------+


+--------------------------------------------------------------------------------------------------------------------------------------------------------------------------------------------------------------------+
; Multiplexer Restructuring Statistics (Restructuring Performed)                                                                                                                                                     ;
+--------------------+-----------+---------------+----------------------+------------------------+------------+------------------------------------------------------------------------------------------------------+
; Multiplexer Inputs ; Bus Width ; Baseline Area ; Area if Restructured ; Saving if Restructured ; Registered ; Example Multiplexer Output                                                                           ;
+--------------------+-----------+---------------+----------------------+------------------------+------------+------------------------------------------------------------------------------------------------------+
; 6:1                ; 7 bits    ; 28 LEs        ; 7 LEs                ; 21 LEs                 ; Yes        ; |lcdControllerDemonstration|lcdController:myControler|lcdStateMachine:myStateMachine|addrCounter[6]  ;
; 4:1                ; 2 bits    ; 4 LEs         ; 2 LEs                ; 2 LEs                  ; Yes        ; |lcdControllerDemonstration|lcdInterface:myInterface|counter[0]                                      ;
; 6:1                ; 4 bits    ; 16 LEs        ; 16 LEs               ; 0 LEs                  ; Yes        ; |lcdControllerDemonstration|lcdInterface:myInterface|characterCode[3]                                ;
; 13:1               ; 33 bits   ; 264 LEs       ; 33 LEs               ; 231 LEs                ; Yes        ; |lcdControllerDemonstration|lcdController:myControler|lcdStateMachine:myStateMachine|counter[20]     ;
; 7:1                ; 2 bits    ; 8 LEs         ; 8 LEs                ; 0 LEs                  ; Yes        ; |lcdControllerDemonstration|lcdController:myControler|lcdStateMachine:myStateMachine|lcdBus[3]~reg0  ;
; 3:1                ; 2 bits    ; 4 LEs         ; 2 LEs                ; 2 LEs                  ; No         ; |lcdControllerDemonstration|lcdController:myControler|lcdStateMachine:myStateMachine|functionSetCase ;
+--------------------+-----------+---------------+----------------------+------------------------+------------+------------------------------------------------------------------------------------------------------+


+---------------------------------------------------------------------------------------------------------------------------------------+
; Source assignments for lcdController:myControler|lcdRegisterFile:myRegisters|altsyncram:charCode_rtl_0|altsyncram_0lg1:auto_generated ;
+---------------------------------+--------------------+------+-------------------------------------------------------------------------+
; Assignment                      ; Value              ; From ; To                                                                      ;
+---------------------------------+--------------------+------+-------------------------------------------------------------------------+
; OPTIMIZE_POWER_DURING_SYNTHESIS ; NORMAL_COMPILATION ; -    ; -                                                                       ;
+---------------------------------+--------------------+------+-------------------------------------------------------------------------+


+----------------------------------------------------------------------------------------------------------------------------------+
; Parameter Settings for Inferred Entity Instance: lcdController:myControler|lcdRegisterFile:myRegisters|altsyncram:charCode_rtl_0 ;
+------------------------------------+----------------------+----------------------------------------------------------------------+
; Parameter Name                     ; Value                ; Type                                                                 ;
+------------------------------------+----------------------+----------------------------------------------------------------------+
; BYTE_SIZE_BLOCK                    ; 8                    ; Untyped                                                              ;
; AUTO_CARRY_CHAINS                  ; ON                   ; AUTO_CARRY                                                           ;
; IGNORE_CARRY_BUFFERS               ; OFF                  ; IGNORE_CARRY                                                         ;
; AUTO_CASCADE_CHAINS                ; ON                   ; AUTO_CASCADE                                                         ;
; IGNORE_CASCADE_BUFFERS             ; OFF                  ; IGNORE_CASCADE                                                       ;
; WIDTH_BYTEENA                      ; 1                    ; Untyped                                                              ;
; OPERATION_MODE                     ; DUAL_PORT            ; Untyped                                                              ;
; WIDTH_A                            ; 7                    ; Untyped                                                              ;
; WIDTHAD_A                          ; 5                    ; Untyped                                                              ;
; NUMWORDS_A                         ; 32                   ; Untyped                                                              ;
; OUTDATA_REG_A                      ; UNREGISTERED         ; Untyped                                                              ;
; ADDRESS_ACLR_A                     ; NONE                 ; Untyped                                                              ;
; OUTDATA_ACLR_A                     ; NONE                 ; Untyped                                                              ;
; WRCONTROL_ACLR_A                   ; NONE                 ; Untyped                                                              ;
; INDATA_ACLR_A                      ; NONE                 ; Untyped                                                              ;
; BYTEENA_ACLR_A                     ; NONE                 ; Untyped                                                              ;
; WIDTH_B                            ; 7                    ; Untyped                                                              ;
; WIDTHAD_B                          ; 5                    ; Untyped                                                              ;
; NUMWORDS_B                         ; 32                   ; Untyped                                                              ;
; INDATA_REG_B                       ; CLOCK1               ; Untyped                                                              ;
; WRCONTROL_WRADDRESS_REG_B          ; CLOCK1               ; Untyped                                                              ;
; RDCONTROL_REG_B                    ; CLOCK1               ; Untyped                                                              ;
; ADDRESS_REG_B                      ; CLOCK0               ; Untyped                                                              ;
; OUTDATA_REG_B                      ; UNREGISTERED         ; Untyped                                                              ;
; BYTEENA_REG_B                      ; CLOCK1               ; Untyped                                                              ;
; INDATA_ACLR_B                      ; NONE                 ; Untyped                                                              ;
; WRCONTROL_ACLR_B                   ; NONE                 ; Untyped                                                              ;
; ADDRESS_ACLR_B                     ; NONE                 ; Untyped                                                              ;
; OUTDATA_ACLR_B                     ; NONE                 ; Untyped                                                              ;
; RDCONTROL_ACLR_B                   ; NONE                 ; Untyped                                                              ;
; BYTEENA_ACLR_B                     ; NONE                 ; Untyped                                                              ;
; WIDTH_BYTEENA_A                    ; 1                    ; Untyped                                                              ;
; WIDTH_BYTEENA_B                    ; 1                    ; Untyped                                                              ;
; RAM_BLOCK_TYPE                     ; AUTO                 ; Untyped                                                              ;
; BYTE_SIZE                          ; 8                    ; Untyped                                                              ;
; READ_DURING_WRITE_MODE_MIXED_PORTS ; OLD_DATA             ; Untyped                                                              ;
; READ_DURING_WRITE_MODE_PORT_A      ; NEW_DATA_NO_NBE_READ ; Untyped                                                              ;
; READ_DURING_WRITE_MODE_PORT_B      ; NEW_DATA_NO_NBE_READ ; Untyped                                                              ;
; INIT_FILE                          ; UNUSED               ; Untyped                                                              ;
; INIT_FILE_LAYOUT                   ; PORT_A               ; Untyped                                                              ;
; MAXIMUM_DEPTH                      ; 0                    ; Untyped                                                              ;
; CLOCK_ENABLE_INPUT_A               ; NORMAL               ; Untyped                                                              ;
; CLOCK_ENABLE_INPUT_B               ; NORMAL               ; Untyped                                                              ;
; CLOCK_ENABLE_OUTPUT_A              ; NORMAL               ; Untyped                                                              ;
; CLOCK_ENABLE_OUTPUT_B              ; NORMAL               ; Untyped                                                              ;
; CLOCK_ENABLE_CORE_A                ; USE_INPUT_CLKEN      ; Untyped                                                              ;
; CLOCK_ENABLE_CORE_B                ; USE_INPUT_CLKEN      ; Untyped                                                              ;
; ENABLE_ECC                         ; FALSE                ; Untyped                                                              ;
; ECC_PIPELINE_STAGE_ENABLED         ; FALSE                ; Untyped                                                              ;
; WIDTH_ECCSTATUS                    ; 3                    ; Untyped                                                              ;
; DEVICE_FAMILY                      ; Cyclone II           ; Untyped                                                              ;
; CBXI_PARAMETER                     ; altsyncram_0lg1      ; Untyped                                                              ;
+------------------------------------+----------------------+----------------------------------------------------------------------+
Note: In order to hide this table in the UI and the text report file, please set the "Show Parameter Settings in Synthesis Report" option in "Analysis and Synthesis Settings -> More Settings" to "Off".


+-----------------------------------------------------------------------------------------------------------------------------+
; altsyncram Parameter Settings by Entity Instance                                                                            ;
+-------------------------------------------+---------------------------------------------------------------------------------+
; Name                                      ; Value                                                                           ;
+-------------------------------------------+---------------------------------------------------------------------------------+
; Number of entity instances                ; 1                                                                               ;
; Entity Instance                           ; lcdController:myControler|lcdRegisterFile:myRegisters|altsyncram:charCode_rtl_0 ;
;     -- OPERATION_MODE                     ; DUAL_PORT                                                                       ;
;     -- WIDTH_A                            ; 7                                                                               ;
;     -- NUMWORDS_A                         ; 32                                                                              ;
;     -- OUTDATA_REG_A                      ; UNREGISTERED                                                                    ;
;     -- WIDTH_B                            ; 7                                                                               ;
;     -- NUMWORDS_B                         ; 32                                                                              ;
;     -- ADDRESS_REG_B                      ; CLOCK0                                                                          ;
;     -- OUTDATA_REG_B                      ; UNREGISTERED                                                                    ;
;     -- RAM_BLOCK_TYPE                     ; AUTO                                                                            ;
;     -- READ_DURING_WRITE_MODE_MIXED_PORTS ; OLD_DATA                                                                        ;
+-------------------------------------------+---------------------------------------------------------------------------------+


+-------------------------------+
; Elapsed Time Per Partition    ;
+----------------+--------------+
; Partition Name ; Elapsed Time ;
+----------------+--------------+
; Top            ; 00:00:03     ;
+----------------+--------------+


+-------------------------------+
; Analysis & Synthesis Messages ;
+-------------------------------+
Info: *******************************************************************
Info: Running Quartus II 64-Bit Analysis & Synthesis
    Info: Version 13.0.0 Build 156 04/24/2013 SJ Web Edition
    Info: Processing started: Sun Jul 08 22:15:19 2018
Info: Command: quartus_map --read_settings_files=on --write_settings_files=off lcdController -c lcdController
Info (20030): Parallel compilation is enabled and will use 12 of the 12 processors detected
Info (12021): Found 2 design units, including 2 entities, in source file /users/terab/documents/logic design practice/lcdcontroller/source/lcdcontrollerdemonstration.v
    Info (12023): Found entity 1: lcdControllerDemonstration
    Info (12023): Found entity 2: lcdInterface
Info (12021): Found 3 design units, including 3 entities, in source file /users/terab/documents/logic design practice/lcdcontroller/source/lcdcontroller.v
    Info (12023): Found entity 1: lcdController
    Info (12023): Found entity 2: lcdRegisterFile
    Info (12023): Found entity 3: lcdStateMachine
Info (12021): Found 1 design units, including 1 entities, in source file /users/terab/documents/logic design practice/lcdcontroller/source/testbenches/testbench_lcdstatemachine.v
    Info (12023): Found entity 1: testBench_lcdStateMachine
Info (12021): Found 1 design units, including 1 entities, in source file /users/terab/documents/logic design practice/lcdcontroller/source/testbenches/testbench_lcdregisterfile.v
    Info (12023): Found entity 1: testBench_lcdRegisterFile
Info (12021): Found 1 design units, including 1 entities, in source file /users/terab/documents/logic design practice/lcdcontroller/source/testbenches/testbench_lcdcontroller.v
    Info (12023): Found entity 1: testBench_lcdController
Info (12021): Found 1 design units, including 1 entities, in source file /users/terab/documents/logic design practice/lcdcontroller/source/patternconverter.v
    Info (12023): Found entity 1: patternConverter
Info (12021): Found 1 design units, including 1 entities, in source file /users/terab/documents/logic design practice/lcdcontroller/source/bcdconverter.v
    Info (12023): Found entity 1: bcdConterter
Info (12127): Elaborating entity "lcdControllerDemonstration" for the top level hierarchy
Info (12128): Elaborating entity "bcdConterter" for hierarchy "bcdConterter:myConverter"
Info (12128): Elaborating entity "patternConverter" for hierarchy "patternConverter:converter1"
Info (12128): Elaborating entity "lcdInterface" for hierarchy "lcdInterface:myInterface"
Info (12128): Elaborating entity "lcdController" for hierarchy "lcdController:myControler"
Info (12128): Elaborating entity "lcdRegisterFile" for hierarchy "lcdController:myControler|lcdRegisterFile:myRegisters"
Info (12128): Elaborating entity "lcdStateMachine" for hierarchy "lcdController:myControler|lcdStateMachine:myStateMachine"
Info (19000): Inferred 1 megafunctions from design logic
    Info (276029): Inferred altsyncram megafunction from the following design logic: "lcdController:myControler|lcdRegisterFile:myRegisters|charCode_rtl_0" 
        Info (286033): Parameter OPERATION_MODE set to DUAL_PORT
        Info (286033): Parameter WIDTH_A set to 7
        Info (286033): Parameter WIDTHAD_A set to 5
        Info (286033): Parameter NUMWORDS_A set to 32
        Info (286033): Parameter WIDTH_B set to 7
        Info (286033): Parameter WIDTHAD_B set to 5
        Info (286033): Parameter NUMWORDS_B set to 32
        Info (286033): Parameter ADDRESS_ACLR_A set to NONE
        Info (286033): Parameter OUTDATA_REG_B set to UNREGISTERED
        Info (286033): Parameter ADDRESS_ACLR_B set to NONE
        Info (286033): Parameter OUTDATA_ACLR_B set to NONE
        Info (286033): Parameter ADDRESS_REG_B set to CLOCK0
        Info (286033): Parameter INDATA_ACLR_A set to NONE
        Info (286033): Parameter WRCONTROL_ACLR_A set to NONE
        Info (286033): Parameter READ_DURING_WRITE_MODE_MIXED_PORTS set to OLD_DATA
Info (12130): Elaborated megafunction instantiation "lcdController:myControler|lcdRegisterFile:myRegisters|altsyncram:charCode_rtl_0"
Info (12133): Instantiated megafunction "lcdController:myControler|lcdRegisterFile:myRegisters|altsyncram:charCode_rtl_0" with the following parameter:
    Info (12134): Parameter "OPERATION_MODE" = "DUAL_PORT"
    Info (12134): Parameter "WIDTH_A" = "7"
    Info (12134): Parameter "WIDTHAD_A" = "5"
    Info (12134): Parameter "NUMWORDS_A" = "32"
    Info (12134): Parameter "WIDTH_B" = "7"
    Info (12134): Parameter "WIDTHAD_B" = "5"
    Info (12134): Parameter "NUMWORDS_B" = "32"
    Info (12134): Parameter "ADDRESS_ACLR_A" = "NONE"
    Info (12134): Parameter "OUTDATA_REG_B" = "UNREGISTERED"
    Info (12134): Parameter "ADDRESS_ACLR_B" = "NONE"
    Info (12134): Parameter "OUTDATA_ACLR_B" = "NONE"
    Info (12134): Parameter "ADDRESS_REG_B" = "CLOCK0"
    Info (12134): Parameter "INDATA_ACLR_A" = "NONE"
    Info (12134): Parameter "WRCONTROL_ACLR_A" = "NONE"
    Info (12134): Parameter "READ_DURING_WRITE_MODE_MIXED_PORTS" = "OLD_DATA"
Info (12021): Found 1 design units, including 1 entities, in source file db/altsyncram_0lg1.tdf
    Info (12023): Found entity 1: altsyncram_0lg1
Info (13000): Registers with preset signals will power-up high
Info (13003): DEV_CLRn pin will set, and not reset, register with preset signal due to NOT Gate Push-Back
Warning (13024): Output pins are stuck at VCC or GND
    Warning (13410): Pin "lcdReadWriteSel" is stuck at GND
    Warning (13410): Pin "errorLed1" is stuck at GND
    Warning (13410): Pin "errorLed2" is stuck at GND
Critical Warning (18061): Ignored Power-Up Level option on the following registers
    Critical Warning (18010): Register lcdController:myControler|lcdStateMachine:myStateMachine|lcdBus[0]~en will power up to High
    Critical Warning (18010): Register lcdController:myControler|lcdStateMachine:myStateMachine|lcdBus[1]~en will power up to High
    Critical Warning (18010): Register lcdController:myControler|lcdStateMachine:myStateMachine|lcdBus[2]~en will power up to High
    Critical Warning (18010): Register lcdController:myControler|lcdStateMachine:myStateMachine|lcdBus[3]~en will power up to High
    Critical Warning (18010): Register lcdController:myControler|lcdStateMachine:myStateMachine|lcdBus[4]~en will power up to High
    Critical Warning (18010): Register lcdController:myControler|lcdStateMachine:myStateMachine|lcdBus[5]~en will power up to High
    Critical Warning (18010): Register lcdController:myControler|lcdStateMachine:myStateMachine|lcdBus[6]~en will power up to High
    Critical Warning (18010): Register lcdController:myControler|lcdStateMachine:myStateMachine|lcdBus[7]~en will power up to High
Info (17049): 10 registers lost all their fanouts during netlist optimizations.
Info (16010): Generating hard_block partition "hard_block:auto_generated_inst"
    Info (16011): Adding 0 node(s), including 0 DDIO, 0 PLL, 0 transceiver and 0 LCELL
Info (21057): Implemented 389 device resources after synthesis - the final resource count might be different
    Info (21058): Implemented 19 input pins
    Info (21059): Implemented 15 output pins
    Info (21061): Implemented 348 logic cells
    Info (21064): Implemented 7 RAM segments
Info: Quartus II 64-Bit Analysis & Synthesis was successful. 0 errors, 13 warnings
    Info: Peak virtual memory: 520 megabytes
    Info: Processing ended: Sun Jul 08 22:15:24 2018
    Info: Elapsed time: 00:00:05
    Info: Total CPU time (on all processors): 00:00:05


