Flow report for lcdController
Sun Jul 08 22:15:39 2018
Quartus II 64-Bit Version 13.0.0 Build 156 04/24/2013 SJ Web Edition


---------------------
; Table of Contents ;
---------------------
  1. Legal Notice
  2. Flow Summary
  3. Flow Settings
  4. Flow Non-Default Global Settings
  5. Flow Elapsed Time
  6. Flow OS Summary
  7. Flow Log
  8. Flow Messages
  9. Flow Suppressed Messages



----------------
; Legal Notice ;
----------------
Copyright (C) 1991-2013 Altera Corporation
Your use of Altera Corporation's design tools, logic functions 
and other software and tools, and its AMPP partner logic 
functions, and any output files from any of the foregoing 
(including device programming or simulation files), and any 
associated documentation or information are expressly subject 
to the terms and conditions of the Altera Program License 
Subscription Agreement, Altera MegaCore Function License 
Agreement, or other applicable license agreement, including, 
without limitation, that your use is for the sole purpose of 
programming logic devices manufactured by Altera and sold by 
Altera or its authorized distributors.  Please refer to the 
applicable agreement for further details.



+---------------------------------------------------------------------------------+
; Flow Summary                                                                    ;
+------------------------------------+--------------------------------------------+
; Flow Status                        ; Successful - Sun Jul 08 22:15:39 2018      ;
; Quartus II 64-Bit Version          ; 13.0.0 Build 156 04/24/2013 SJ Web Edition ;
; Revision Name                      ; lcdController                              ;
; Top-level Entity Name              ; lcdControllerDemonstration                 ;
; Family                             ; Cyclone II                                 ;
; Device                             ; EP2C35F672C6                               ;
; Timing Models                      ; Final                                      ;
; Total logic elements               ; 343 / 33,216 ( 1 % )                       ;
;     Total combinational functions  ; 337 / 33,216 ( 1 % )                       ;
;     Dedicated logic registers      ; 101 / 33,216 ( < 1 % )                     ;
; Total registers                    ; 101                                        ;
; Total pins                         ; 34 / 475 ( 7 % )                           ;
; Total virtual pins                 ; 0                                          ;
; Total memory bits                  ; 224 / 483,840 ( < 1 % )                    ;
; Embedded Multiplier 9-bit elements ; 0 / 70 ( 0 % )                             ;
; Total PLLs                         ; 0 / 4 ( 0 % )                              ;
+------------------------------------+--------------------------------------------+


+-----------------------------------------+
; Flow Settings                           ;
+-------------------+---------------------+
; Option            ; Setting             ;
+-------------------+---------------------+
; Start date & time ; 07/08/2018 22:15:20 ;
; Main task         ; Compilation         ;
; Revision Name     ; lcdController       ;
+-------------------+---------------------+


+-------------------------------------------------------------------------------------------------------------------------------------------+
; Flow Non-Default Global Settings                                                                                                          ;
+-------------------------------------+---------------------------------------+---------------+----------------------------+----------------+
; Assignment Name                     ; Value                                 ; Default Value ; Entity Name                ; Section Id     ;
+-------------------------------------+---------------------------------------+---------------+----------------------------+----------------+
; COMPILER_SIGNATURE_ID               ; 53447168970291.153111331913488        ; --            ; --                         ; --             ;
; EDA_OUTPUT_DATA_FORMAT              ; Vhdl                                  ; --            ; --                         ; eda_simulation ;
; EDA_SIMULATION_TOOL                 ; ModelSim-Altera (VHDL)                ; <None>        ; --                         ; --             ;
; MAX_CORE_JUNCTION_TEMP              ; 85                                    ; --            ; --                         ; --             ;
; MIN_CORE_JUNCTION_TEMP              ; 0                                     ; --            ; --                         ; --             ;
; PARTITION_COLOR                     ; 16764057                              ; --            ; lcdControllerDemonstration ; Top            ;
; PARTITION_FITTER_PRESERVATION_LEVEL ; PLACEMENT_AND_ROUTING                 ; --            ; lcdControllerDemonstration ; Top            ;
; PARTITION_NETLIST_TYPE              ; SOURCE                                ; --            ; lcdControllerDemonstration ; Top            ;
; POWER_BOARD_THERMAL_MODEL           ; None (CONSERVATIVE)                   ; --            ; --                         ; --             ;
; POWER_PRESET_COOLING_SOLUTION       ; 23 MM HEAT SINK WITH 200 LFPM AIRFLOW ; --            ; --                         ; --             ;
; PROJECT_OUTPUT_DIRECTORY            ; output_files                          ; --            ; --                         ; --             ;
; TOP_LEVEL_ENTITY                    ; lcdControllerDemonstration            ; lcdController ; --                         ; --             ;
+-------------------------------------+---------------------------------------+---------------+----------------------------+----------------+


+-------------------------------------------------------------------------------------------------------------------------------+
; Flow Elapsed Time                                                                                                             ;
+---------------------------+--------------+-------------------------+---------------------+------------------------------------+
; Module Name               ; Elapsed Time ; Average Processors Used ; Peak Virtual Memory ; Total CPU Time (on all processors) ;
+---------------------------+--------------+-------------------------+---------------------+------------------------------------+
; Analysis & Synthesis      ; 00:00:05     ; 1.0                     ; 509 MB              ; 00:00:04                           ;
; Fitter                    ; 00:00:06     ; 2.2                     ; 1569 MB             ; 00:00:10                           ;
; Assembler                 ; 00:00:03     ; 1.0                     ; 470 MB              ; 00:00:02                           ;
; TimeQuest Timing Analyzer ; 00:00:02     ; 1.0                     ; 529 MB              ; 00:00:01                           ;
; EDA Netlist Writer        ; 00:00:01     ; 1.0                     ; 434 MB              ; 00:00:01                           ;
; Total                     ; 00:00:17     ; --                      ; --                  ; 00:00:18                           ;
+---------------------------+--------------+-------------------------+---------------------+------------------------------------+


+----------------------------------------------------------------------------------------+
; Flow OS Summary                                                                        ;
+---------------------------+------------------+-----------+------------+----------------+
; Module Name               ; Machine Hostname ; OS Name   ; OS Version ; Processor type ;
+---------------------------+------------------+-----------+------------+----------------+
; Analysis & Synthesis      ; Roland           ; Windows 7 ; 6.2        ; x86_64         ;
; Fitter                    ; Roland           ; Windows 7 ; 6.2        ; x86_64         ;
; Assembler                 ; Roland           ; Windows 7 ; 6.2        ; x86_64         ;
; TimeQuest Timing Analyzer ; Roland           ; Windows 7 ; 6.2        ; x86_64         ;
; EDA Netlist Writer        ; Roland           ; Windows 7 ; 6.2        ; x86_64         ;
+---------------------------+------------------+-----------+------------+----------------+


------------
; Flow Log ;
------------
quartus_map --read_settings_files=on --write_settings_files=off lcdController -c lcdController
quartus_fit --read_settings_files=off --write_settings_files=off lcdController -c lcdController
quartus_asm --read_settings_files=off --write_settings_files=off lcdController -c lcdController
quartus_sta lcdController -c lcdController
quartus_eda --read_settings_files=off --write_settings_files=off lcdController -c lcdController



